<?xml version="1.0" encoding="utf-8"?><testsuites><testsuite name="pytest" errors="0" failures="1" skipped="1" tests="14" time="0.312" timestamp="2022-11-24T16:32:09.366081" hostname="HCL-02-50"><testcase classname="Test_marker" name="test_login" time="0.003" /><testcase classname="Test_marker" name="test_additem" time="0.002" /><testcase classname="Test_marker" name="test_chechout" time="0.002" /><testcase classname="Test_marker" name="test_logout" time="0.002" /><testcase classname="Test_marker" name="test_demo" time="0.001"><skipped type="pytest.skip" message="will execute above 3.11.0 version">C:\Pytestproject\TestDemo_marker\Test_marker.py:15: will execute above 3.11.0 version</skipped></testcase><testcase classname="test_demopara.Testdemo" name="test_nogt[5]" time="0.003"><failure message="assert False">self = &lt;test_demopara.Testdemo object at 0x000001F9849ECE90&gt;, data = 5

    @pytest.mark.parametrize("data",[5,6,7])
    def test_nogt(self,data):
        if data&gt;5:
            assert True
        else:
&gt;           assert False
E           assert False

test_demopara.py:8: AssertionError</failure></testcase><testcase classname="test_demopara.Testdemo" name="test_nogt[6]" time="0.002" /><testcase classname="test_demopara.Testdemo" name="test_nogt[7]" time="0.001" /><testcase classname="test_demopara1" name="test_checksquare[2-4]" time="0.002" /><testcase classname="test_demopara1" name="test_checksquare[3-9]" time="0.002" /><testcase classname="test_demopara1" name="test_checksquare[4-16]" time="0.002" /><testcase classname="test_demopara1" name="test_users[admin-123]" time="0.002" /><testcase classname="test_demopara1" name="test_users[user-456]" time="0.002" /><testcase classname="test_demopara1" name="test_users[net-789]" time="0.003" /></testsuite></testsuites>